<?xml version="1.0" encoding="UTF-8"?>
<!-- Generated by org.testng.reporters.JUnitXMLReporter -->
<testsuite ignored="1" hostname="DESKTOP-350S9QI" failures="0" tests="1" name="Test(failed)" time="42.694" errors="0" timestamp="2021-07-19T09:22:06 IST">
  <testcase classname="com.testcases.CustomFieldTest" name="accesscustomFieldvalidation" time="31.081"/>
  <testcase classname="com.testcases.CustomFieldTest" name="usercustomfield" time="0.0">
    <ignored/>
  </testcase> <!-- usercustomfield -->
</testsuite> <!-- Test(failed) -->
