<?xml version="1.0" encoding="UTF-8"?>
<!-- Generated by org.testng.reporters.JUnitXMLReporter -->
<testsuite ignored="0" hostname="DESKTOP-350S9QI" failures="0" tests="4" name="Test" time="0.65" errors="0" timestamp="2021-09-14T14:08:04 IST">
  <testcase classname="com.pageobjectmodel.Base" name="@BeforeClass setUp" time="0.098">
    <failure type="java.lang.IllegalStateException" message="The driver executable does not exist: C:\usr\bin\chromedriver">
      <![CDATA[java.lang.IllegalStateException: The driver executable does not exist: C:\usr\bin\chromedriver
at com.google.common.base.Preconditions.checkState(Preconditions.java:585)
at org.openqa.selenium.remote.service.DriverService.checkExecutable(DriverService.java:146)
at org.openqa.selenium.remote.service.DriverService.findExecutable(DriverService.java:141)
at org.openqa.selenium.chrome.ChromeDriverService.access$000(ChromeDriverService.java:35)
at org.openqa.selenium.chrome.ChromeDriverService$Builder.findDefaultExecutable(ChromeDriverService.java:159)
at org.openqa.selenium.remote.service.DriverService$Builder.build(DriverService.java:355)
at org.openqa.selenium.chrome.ChromeDriverService.createDefaultService(ChromeDriverService.java:94)
at org.openqa.selenium.chrome.ChromeDriver.<init>(ChromeDriver.java:157)
at com.pageobjectmodel.Base.setUp(Base.java:53)
at java.base/java.util.ArrayList.forEach(ArrayList.java:1511)
... Removed 25 stack frames]]>
    </failure>
  </testcase> <!-- @BeforeClass setUp -->
  <testcase classname="com.pageobjectmodel.Base" name="@AfterClass tearDown" time="-1.6316086842E9">
    <skipped/>
  </testcase> <!-- @AfterClass tearDown -->
  <testcase classname="com.testcases.LocationTest" name="gettitleLocation" time="0.0">
    <skipped/>
  </testcase> <!-- gettitleLocation -->
  <testcase classname="com.testcases.LocationTest" name="valLocation" time="0.0">
    <skipped/>
  </testcase> <!-- valLocation -->
  <testcase classname="com.testcases.LocationTest" name="newlocation" time="0.0">
    <skipped/>
  </testcase> <!-- newlocation -->
  <testcase classname="com.testcases.LocationTest" name="updatelocation" time="0.0">
    <skipped/>
  </testcase> <!-- updatelocation -->
</testsuite> <!-- Test -->
