<?xml version="1.0" encoding="UTF-8"?>
<testng-results ignored="0" total="2" passed="2" failed="0" skipped="0">
  <reporter-output>
  </reporter-output>
  <suite started-at="2021-08-16T13:21:31 IST" name="HCM" finished-at="2021-08-16T13:22:01 IST" duration-ms="30711">
    <groups>
    </groups>
    <test started-at="2021-08-16T13:21:31 IST" name="Test" finished-at="2021-08-16T13:22:01 IST" duration-ms="30711">
      <class name="com.testcases.LocationTest">
        <test-method is-config="true" signature="setUp(java.lang.String)[pri:0, instance:com.testcases.LocationTest@87a85e1]" started-at="2021-08-16T13:21:31 IST" name="setUp" finished-at="2021-08-16T13:21:36 IST" duration-ms="5285" status="PASS">
          <params>
            <param index="0">
              <value>
                <![CDATA[chrome]]>
              </value>
            </param>
          </params>
          <reporter-output>
          </reporter-output>
        </test-method> <!-- setUp -->
        <test-method signature="gettitleLocation()[pri:1, instance:com.testcases.LocationTest@87a85e1]" started-at="2021-08-16T13:21:36 IST" name="gettitleLocation" description="Title of the Location Page" finished-at="2021-08-16T13:21:58 IST" duration-ms="21973" status="PASS">
          <reporter-output>
          </reporter-output>
        </test-method> <!-- gettitleLocation -->
        <test-method signature="valLocation()[pri:2, instance:com.testcases.LocationTest@87a85e1]" started-at="2021-08-16T13:21:58 IST" name="valLocation" description="Validation message for mandatory data" finished-at="2021-08-16T13:22:01 IST" duration-ms="2955" status="PASS">
          <reporter-output>
          </reporter-output>
        </test-method> <!-- valLocation -->
        <test-method is-config="true" signature="tearDown()[pri:0, instance:com.testcases.LocationTest@87a85e1]" started-at="2021-08-16T13:22:01 IST" name="tearDown" finished-at="2021-08-16T13:22:01 IST" duration-ms="0" status="PASS">
          <reporter-output>
          </reporter-output>
        </test-method> <!-- tearDown -->
      </class> <!-- com.testcases.LocationTest -->
    </test> <!-- Test -->
  </suite> <!-- HCM -->
</testng-results>
